<?xml version="1.0" encoding="UTF-8"?>
<testng-results skipped="0" failed="0" ignored="0" total="1" passed="1">
  <reporter-output>
  </reporter-output>
  <suite name="Suite" duration-ms="72" started-at="2020-06-04T09:07:42Z" finished-at="2020-06-04T09:07:42Z">
    <groups>
    </groups>
    <test name="Test" duration-ms="72" started-at="2020-06-04T09:07:42Z" finished-at="2020-06-04T09:07:42Z">
      <class name="mavtest323.mavtest323test.testing">
        <test-method status="PASS" signature="team()[pri:0, instance:mavtest323.mavtest323test.testing@6d8a00e3]" name="team" duration-ms="22" started-at="2020-06-04T09:07:42Z" finished-at="2020-06-04T09:07:42Z">
          <reporter-output>
          </reporter-output>
        </test-method> <!-- team -->
      </class> <!-- mavtest323.mavtest323test.testing -->
    </test> <!-- Test -->
  </suite> <!-- Suite -->
</testng-results>
